MovieApp/MovieApp/starter/app/build/intermediates/manifest_merge_blame_file/debug/manifest-merger-blame-debug-report.txt
1<?xml version="1.0" encoding="utf-8"?>
2<manifest xmlns:android="http://schemas.android.com/apk/res/android"
3    package="com.raywenderlich.android.movieapp"
4    android:versionCode="1"
5    android:versionName="1.0" >
6
7    <uses-sdk
8        android:minSdkVersion="21"
8-->src\main\AndroidManifest.xml
9        android:targetSdkVersion="29" />
9-->src\main\AndroidManifest.xml
10
11    <uses-permission android:name="android.permission.INTERNET" />
11-->src\main\AndroidManifest.xml:32:5-67
11-->src\main\AndroidManifest.xml:32:22-64
12    <uses-permission android:name="android.permission.ACCESS_NETWORK_STATE" />
12-->src\main\AndroidManifest.xml:34:5-79
12-->src\main\AndroidManifest.xml:34:22-76
13
14    <application
14-->src\main\AndroidManifest.xml:6:5-30:19
15        android:name="com.raywenderlich.android.movieapp.MovieApplication"
15-->src\main\AndroidManifest.xml:7:9-41
16        android:allowBackup="false"
16-->src\main\AndroidManifest.xml:8:9-36
17        android:appComponentFactory="androidx.core.app.CoreComponentFactory"
17-->[androidx.core:core:1.3.0] AndroidManifest.xml:24:18-86
18        android:debuggable="true"
19        android:icon="@mipmap/ic_launcher"
19-->src\main\AndroidManifest.xml:9:9-43
20        android:label="@string/app_name"
20-->src\main\AndroidManifest.xml:10:9-41
21        android:roundIcon="@mipmap/ic_launcher_round"
21-->src\main\AndroidManifest.xml:11:9-54
22        android:supportsRtl="true"
22-->src\main\AndroidManifest.xml:12:9-35
23        android:testOnly="true"
24        android:theme="@style/AppTheme"
24-->src\main\AndroidManifest.xml:13:9-40
25        android:usesCleartextTraffic="true" >
25-->src\main\AndroidManifest.xml:14:9-44
26
27        <!-- Main Activity -->
28        <activity
28-->src\main\AndroidManifest.xml:18:9-26:20
29            android:name="com.raywenderlich.android.movieapp.ui.MainActivity"
29-->src\main\AndroidManifest.xml:19:13-44
30            android:theme="@style/SplashTheme" >
30-->src\main\AndroidManifest.xml:20:13-47
31            <intent-filter>
31-->src\main\AndroidManifest.xml:21:13-25:29
32                <action android:name="android.intent.action.MAIN" />
32-->src\main\AndroidManifest.xml:22:17-69
32-->src\main\AndroidManifest.xml:22:25-66
33
34                <category android:name="android.intent.category.LAUNCHER" />
34-->src\main\AndroidManifest.xml:24:17-77
34-->src\main\AndroidManifest.xml:24:27-74
35            </intent-filter>
36        </activity>
37        <activity
37-->src\main\AndroidManifest.xml:27:9-29:76
38            android:name="com.raywenderlich.android.movieapp.ui.about.AboutDialogActivity"
38-->src\main\AndroidManifest.xml:28:13-57
39            android:theme="@style/Theme.AppCompat.DayNight.Dialog.Alert" />
39-->src\main\AndroidManifest.xml:29:13-73
40    </application>
41
42</manifest>